<?xml version="1.0" encoding="UTF-8"?>
<testng-results skipped="0" failed="0" total="2" passed="2">
  <reporter-output>
  </reporter-output>
  <suite name="Suite" duration-ms="4389" started-at="2021-08-25T11:12:04Z" finished-at="2021-08-25T11:12:09Z">
    <groups>
    </groups>
    <test name="Test" duration-ms="4389" started-at="2021-08-25T11:12:04Z" finished-at="2021-08-25T11:12:09Z">
      <class name="com.rest.Get">
        <test-method status="PASS" signature="get()[pri:0, instance:com.rest.Get@473b46c3]" name="get" duration-ms="2906" started-at="2021-08-25T16:42:04Z" finished-at="2021-08-25T16:42:07Z">
          <reporter-output>
          </reporter-output>
        </test-method> <!-- get -->
      </class> <!-- com.rest.Get -->
      <class name="com.rest.Pipeline_Demo">
        <test-method status="PASS" signature="get()[pri:0, instance:com.rest.Pipeline_Demo@5d20e46]" name="get" duration-ms="1476" started-at="2021-08-25T16:42:07Z" finished-at="2021-08-25T16:42:09Z">
          <reporter-output>
          </reporter-output>
        </test-method> <!-- get -->
      </class> <!-- com.rest.Pipeline_Demo -->
    </test> <!-- Test -->
  </suite> <!-- Suite -->
</testng-results>
