<?xml version="1.0" encoding="UTF-8"?>
<testng-results total="1" passed="1" failed="0" skipped="0">
  <reporter-output>
  </reporter-output>
  <suite started-at="2021-08-23T10:49:39Z" name="Default suite" finished-at="2021-08-23T10:49:40Z" duration-ms="1213">
    <groups>
    </groups>
    <test started-at="2021-08-23T10:49:39Z" name="Default test" finished-at="2021-08-23T10:49:40Z" duration-ms="1213">
      <class name="com.restassured.Get">
        <test-method signature="getAll()[pri:0, instance:com.restassured.Get@352c1b98]" started-at="2021-08-23T16:19:39Z" name="getAll" finished-at="2021-08-23T16:19:40Z" duration-ms="1204" status="PASS">
          <reporter-output>
          </reporter-output>
        </test-method> <!-- getAll -->
      </class> <!-- com.restassured.Get -->
    </test> <!-- Default test -->
  </suite> <!-- Default suite -->
</testng-results>
