<?xml version="1.0" encoding="UTF-8"?>
<testng-results total="1" passed="1" failed="0" skipped="0">
  <reporter-output>
  </reporter-output>
  <suite started-at="2021-08-25T10:49:08Z" name="Default suite" finished-at="2021-08-25T10:49:10Z" duration-ms="2520">
    <groups>
    </groups>
    <test started-at="2021-08-25T10:49:08Z" name="Default test" finished-at="2021-08-25T10:49:10Z" duration-ms="2520">
      <class name="com.rest.Get">
        <test-method signature="get()[pri:0, instance:com.rest.Get@21129f1f]" started-at="2021-08-25T16:19:08Z" name="get" finished-at="2021-08-25T16:19:10Z" duration-ms="2508" status="PASS">
          <reporter-output>
          </reporter-output>
        </test-method> <!-- get -->
      </class> <!-- com.rest.Get -->
    </test> <!-- Default test -->
  </suite> <!-- Default suite -->
</testng-results>
