<?xml version="1.0" encoding="UTF-8"?>
<testng-results skipped="0" failed="0" total="1" passed="1">
  <reporter-output>
  </reporter-output>
  <suite name="Suite" duration-ms="3825" started-at="2021-06-28T17:02:58Z" finished-at="2021-06-28T17:03:02Z">
    <groups>
    </groups>
    <test name="Test" duration-ms="3825" started-at="2021-06-28T17:02:58Z" finished-at="2021-06-28T17:03:02Z">
      <class name="cm.rmg.parametrs.RunParameters">
        <test-method status="PASS" signature="runParameterTest()[pri:0, instance:cm.rmg.parametrs.RunParameters@143640d5]" name="runParameterTest" duration-ms="3799" started-at="2021-06-28T22:32:58Z" finished-at="2021-06-28T22:33:02Z">
          <reporter-output>
          </reporter-output>
        </test-method> <!-- runParameterTest -->
      </class> <!-- cm.rmg.parametrs.RunParameters -->
    </test> <!-- Test -->
  </suite> <!-- Suite -->
</testng-results>
