<?xml version="1.0" encoding="UTF-8"?>
<testng-results total="1" passed="1" failed="0" skipped="0">
  <reporter-output>
  </reporter-output>
  <suite started-at="2021-06-28T16:51:17Z" name="Default suite" finished-at="2021-06-28T16:51:21Z" duration-ms="4378">
    <groups>
    </groups>
    <test started-at="2021-06-28T16:51:17Z" name="Default test" finished-at="2021-06-28T16:51:21Z" duration-ms="4378">
      <class name="cm.rmg.parametrs.RunParameters">
        <test-method signature="runParameterTest()[pri:0, instance:cm.rmg.parametrs.RunParameters@5495333e]" started-at="2021-06-28T22:21:17Z" name="runParameterTest" finished-at="2021-06-28T22:21:21Z" duration-ms="4328" status="PASS">
          <reporter-output>
          </reporter-output>
        </test-method> <!-- runParameterTest -->
      </class> <!-- cm.rmg.parametrs.RunParameters -->
    </test> <!-- Default test -->
  </suite> <!-- Default suite -->
</testng-results>
