<?xml version="1.0" encoding="UTF-8"?>
<testng-results total="1" passed="1" failed="0" skipped="0">
  <reporter-output>
  </reporter-output>
  <suite started-at="2021-08-23T11:16:22Z" name="Default suite" finished-at="2021-08-23T11:16:23Z" duration-ms="1217">
    <groups>
    </groups>
    <test started-at="2021-08-23T11:16:22Z" name="Default test" finished-at="2021-08-23T11:16:23Z" duration-ms="1217">
      <class name="com.rest.Get">
        <test-method signature="get()[pri:0, instance:com.rest.Get@352c1b98]" started-at="2021-08-23T16:46:22Z" name="get" finished-at="2021-08-23T16:46:23Z" duration-ms="1208" status="PASS">
          <reporter-output>
          </reporter-output>
        </test-method> <!-- get -->
      </class> <!-- com.rest.Get -->
    </test> <!-- Default test -->
  </suite> <!-- Default suite -->
</testng-results>
